H:\программирование спп\атрица слау\SLAY\SLAY\DEBUG\SLAY.PCH
H:\программирование спп\атрица слау\SLAY\SLAY\DEBUG\STDAFX.OBJ
H:\ПРОГРАММИРОВАНИЕ СПП\АТРИЦА СЛАУ\SLAY\SLAY\DEBUG\VC110.PDB
H:\программирование спп\атрица слау\SLAY\SLAY\DEBUG\SLAY.OBJ
H:\программирование спп\атрица слау\SLAY\SLAY\DEBUG\MATRIXT.OBJ
H:\программирование спп\атрица слау\slay\slay\Debug\Matrixt.obj
H:\программирование спп\атрица слау\slay\slay\Debug\slay.obj
H:\программирование спп\атрица слау\slay\slay\Debug\stdafx.obj
H:\программирование спп\атрица слау\slay\slay\Debug\cl.command.1.tlog
H:\программирование спп\атрица слау\slay\slay\Debug\CL.read.1.tlog
H:\программирование спп\атрица слау\slay\slay\Debug\CL.write.1.tlog
H:\программирование спп\атрица слау\slay\slay\Debug\link-cvtres.read.1.tlog
H:\программирование спп\атрица слау\slay\slay\Debug\link-cvtres.write.1.tlog
H:\программирование спп\атрица слау\slay\slay\Debug\link-rc.read.1.tlog
H:\программирование спп\атрица слау\slay\slay\Debug\link-rc.write.1.tlog
H:\программирование спп\атрица слау\slay\slay\Debug\link.4292-cvtres.read.1.tlog
H:\программирование спп\атрица слау\slay\slay\Debug\link.4292-cvtres.write.1.tlog
H:\программирование спп\атрица слау\slay\slay\Debug\link.4292-rc.read.1.tlog
H:\программирование спп\атрица слау\slay\slay\Debug\link.4292-rc.write.1.tlog
H:\программирование спп\атрица слау\slay\slay\Debug\link.4292.read.1.tlog
H:\программирование спп\атрица слау\slay\slay\Debug\link.4292.write.1.tlog
H:\программирование спп\атрица слау\slay\slay\Debug\link.command.1.tlog
H:\программирование спп\атрица слау\slay\slay\Debug\link.read.1.tlog
H:\программирование спп\атрица слау\slay\slay\Debug\link.write.1.tlog
H:\программирование спп\атрица слау\slay\slay\Debug\slay.pch
H:\программирование спп\атрица слау\slay\slay\Debug\vc110.idb
H:\программирование спп\атрица слау\slay\slay\Debug\vc110.pdb
H:\программирование спп\атрица слау\slay\Debug\slay.pdb
